{"/Users/krystiankat/Documents/GitHub/lesson-1/src/index.ts": {"path":"/Users/krystiankat/Documents/GitHub/lesson-1/src/index.ts","statementMap":{"0":{"start":{"line":1,"column":13},"end":{"line":1,"column":24}},"1":{"start":{"line":4,"column":21},"end":{"line":4,"column":35}},"2":{"start":{"line":7,"column":4},"end":{"line":7,"column":34}},"3":{"start":{"line":8,"column":4},"end":{"line":8,"column":16}},"4":{"start":{"line":13,"column":4},"end":{"line":13,"column":34}},"5":{"start":{"line":14,"column":4},"end":{"line":14,"column":16}},"6":{"start":{"line":18,"column":4},"end":{"line":18,"column":23}},"7":{"start":{"line":22,"column":4},"end":{"line":22,"column":30}},"8":{"start":{"line":3,"column":0},"end":{"line":3,"column":13}},"9":{"start":{"line":26,"column":13},"end":{"line":26,"column":47}},"10":{"start":{"line":28,"column":0},"end":{"line":28,"column":14}},"11":{"start":{"line":29,"column":0},"end":{"line":29,"column":34}},"12":{"start":{"line":30,"column":0},"end":{"line":30,"column":37}},"13":{"start":{"line":31,"column":0},"end":{"line":31,"column":34}},"14":{"start":{"line":33,"column":0},"end":{"line":33,"column":14}},"15":{"start":{"line":34,"column":0},"end":{"line":34,"column":24}},"16":{"start":{"line":36,"column":0},"end":{"line":36,"column":37}},"17":{"start":{"line":37,"column":0},"end":{"line":37,"column":37}}},"fnMap":{"0":{"name":"(anonymous_0)","decl":{"start":{"line":4,"column":2},"end":{"line":4,"column":21}},"loc":{"start":{"line":4,"column":35},"end":{"line":4,"column":39}}},"1":{"name":"(anonymous_1)","decl":{"start":{"line":6,"column":2},"end":{"line":6,"column":10}},"loc":{"start":{"line":6,"column":20},"end":{"line":9,"column":3}}},"2":{"name":"(anonymous_2)","decl":{"start":{"line":11,"column":2},"end":{"line":11,"column":8}},"loc":{"start":{"line":11,"column":18},"end":{"line":15,"column":3}}},"3":{"name":"(anonymous_3)","decl":{"start":{"line":17,"column":2},"end":{"line":17,"column":8}},"loc":{"start":{"line":17,"column":8},"end":{"line":19,"column":3}}},"4":{"name":"(anonymous_4)","decl":{"start":{"line":21,"column":2},"end":{"line":21,"column":8}},"loc":{"start":{"line":21,"column":22},"end":{"line":23,"column":3}}}},"branchMap":{},"s":{"0":1,"1":12,"2":4,"3":4,"4":6,"5":6,"6":11,"7":1,"8":1,"9":1,"10":1,"11":1,"12":1,"13":1,"14":1,"15":1,"16":1,"17":1},"f":{"0":12,"1":4,"2":6,"3":11,"4":1},"b":{}}
}
